INFO     Starting Mopidy 2.1.0
INFO     Loading config from builtin defaults
INFO     Loading config from /home/tomo/.config/mopidy/mopidy.conf
INFO     Loading config from command line options
INFO     Enabled extensions: spotify, mpd, http, stream, m3u, softwaremixer, file, local
INFO     Disabled extensions: soundcloud
WARNING  Found soundcloud configuration errors, the extension has been automatically disabled:
WARNING    soundcloud/auth_token must be set.
WARNING  Please fix the extension configuration errors or disable the extensions to silence these messages.
INFO     Starting Mopidy mixer: SoftwareMixer
INFO     Starting Mopidy audio
INFO     Starting Mopidy backends: StreamBackend, M3UBackend, FileBackend, LocalBackend, SpotifyBackend
INFO     Audio output set to "tee name=t ! queue ! autoaudiosink t. ! queue ! udpsink port=5555"
INFO     Loaded 0 local tracks using json
INFO     Starting Mopidy core
INFO     Logged in to Spotify in offline mode
INFO     Starting Mopidy frontends: MpdFrontend, HttpFrontend
ERROR    Frontend (MpdFrontend) initialization error: MPD server startup failed: [Errno 98] Address already in use
INFO     Starting GLib mainloop
INFO     HTTP server running at [::ffff:127.0.0.1]:6680
INFO     Logged in to Spotify in online mode
INFO     Interrupted. Exiting...
INFO     Stopping Mopidy frontends
INFO     Stopping Mopidy core
INFO     Stopping Mopidy backends
INFO     Stopping Mopidy audio
INFO     Stopping Mopidy mixer
